\BOOKMARK [1][-]{section*.1}{\376\377\000C\000E\000R\000T\000I\000F\000I\000C\000A\000T\000E\000\040\000B\000Y\000\040\000T\000H\000E\000\040\000C\000O\000M\000P\000A\000N\000Y}{}% 1
\BOOKMARK [1][-]{section*.2}{\376\377\000C\000A\000N\000D\000I\000D\000A\000T\000E\000'\000S\000\040\000D\000E\000C\000L\000A\000R\000A\000T\000I\000O\000N}{}% 2
\BOOKMARK [1][-]{section*.3}{\376\377\000A\000B\000S\000T\000R\000A\000C\000T}{}% 3
\BOOKMARK [1][-]{section*.4}{\376\377\000A\000C\000K\000N\000O\000W\000L\000E\000D\000G\000M\000E\000N\000T}{}% 4
\BOOKMARK [1][-]{section*.5}{\376\377\000A\000B\000O\000U\000T\000\040\000T\000H\000E\000\040\000C\000O\000M\000P\000A\000N\000Y}{}% 5
\BOOKMARK [1][-]{section*.6}{\376\377\000L\000I\000S\000T\000\040\000O\000F\000\040\000F\000I\000G\000U\000R\000E\000S}{}% 6
\BOOKMARK [1][-]{section*.8}{\376\377\000L\000I\000S\000T\000\040\000O\000F\000\040\000T\000A\000B\000L\000E\000S}{}% 7
\BOOKMARK [1][-]{section*.10}{\376\377\000I\000N\000D\000E\000X}{}% 8
\BOOKMARK [1][-]{section*.12}{\376\377\0001\000.\000\040\000I\000n\000t\000r\000o\000d\000u\000c\000t\000i\000o\000n}{}% 9
\BOOKMARK [2][-]{section*.13}{\376\377\0001\000.\0001\000\040\000I\000n\000t\000r\000o\000d\000u\000c\000t\000i\000o\000n\000\040\000t\000o\000\040\000O\000r\000g\000a\000n\000i\000z\000a\000t\000i\000o\000n}{section*.12}% 10
\BOOKMARK [2][-]{section*.14}{\376\377\0001\000.\0002\000\040\000I\000n\000t\000r\000o\000d\000u\000c\000t\000i\000o\000n\000\040\000t\000o\000\040\000P\000r\000o\000j\000e\000c\000t}{section*.12}% 11
\BOOKMARK [2][-]{section*.15}{\376\377\0001\000.\0003\000\040\000P\000r\000o\000j\000e\000c\000t\000\040\000C\000a\000t\000e\000g\000o\000r\000y}{section*.12}% 12
\BOOKMARK [2][-]{section*.16}{\376\377\0001\000.\0004\000\040\000O\000b\000j\000e\000c\000t\000i\000v\000e\000s}{section*.12}% 13
\BOOKMARK [2][-]{section*.17}{\376\377\0001\000.\0005\000\040\000P\000r\000o\000b\000l\000e\000m\000\040\000F\000o\000r\000m\000u\000l\000a\000t\000i\000o\000n}{section*.12}% 14
\BOOKMARK [2][-]{section*.18}{\376\377\0001\000.\0006\000\040\000I\000d\000e\000n\000t\000i\000f\000i\000c\000a\000t\000i\000o\000n\000/\000R\000e\000o\000r\000g\000a\000n\000i\000z\000a\000t\000i\000o\000n\000\040\000o\000f\000\040\000N\000e\000e\000d}{section*.12}% 15
\BOOKMARK [2][-]{section*.19}{\376\377\0001\000.\0007\000\040\000E\000x\000i\000s\000t\000i\000n\000g\000\040\000S\000y\000s\000t\000e\000m}{section*.12}% 16
\BOOKMARK [2][-]{section*.20}{\376\377\0001\000.\0008\000\040\000P\000r\000o\000p\000o\000s\000e\000d\000\040\000S\000y\000s\000t\000e\000m}{section*.12}% 17
\BOOKMARK [2][-]{section*.21}{\376\377\0001\000.\0009\000\040\000U\000n\000i\000q\000u\000e\000\040\000F\000e\000a\000t\000u\000r\000e\000s\000\040\000o\000f\000\040\000t\000h\000e\000\040\000S\000y\000s\000t\000e\000m}{section*.12}% 18
\BOOKMARK [2][-]{section*.22}{\376\377\0001\000.\0001\0000\000\040\000S\000D\000G\000\040\000M\000a\000p\000p\000i\000n\000g}{section*.12}% 19
\BOOKMARK [1][-]{section*.24}{\376\377\0002\000.\000\040\000R\000e\000q\000u\000i\000r\000e\000m\000e\000n\000t\000\040\000A\000n\000a\000l\000y\000s\000i\000s\000\040\000a\000n\000d\000\040\000S\000y\000s\000t\000e\000m\000\040\000S\000p\000e\000c\000i\000f\000i\000c\000a\000t\000i\000o\000n}{}% 20
\BOOKMARK [2][-]{section*.25}{\376\377\0002\000.\0001\000\040\000F\000e\000a\000s\000i\000b\000i\000l\000i\000t\000y\000\040\000S\000t\000u\000d\000y}{section*.24}% 21
\BOOKMARK [2][-]{section*.26}{\376\377\0002\000.\0002\000\040\000S\000o\000f\000t\000w\000a\000r\000e\000\040\000R\000e\000q\000u\000i\000r\000e\000m\000e\000n\000t\000\040\000S\000p\000e\000c\000i\000f\000i\000c\000a\000t\000i\000o\000n}{section*.24}% 22
\BOOKMARK [3][-]{section*.27}{\376\377\0002\000.\0002\000.\0001\000\040\000D\000a\000t\000a\000\040\000R\000e\000q\000u\000i\000r\000e\000m\000e\000n\000t\000s}{section*.26}% 23
\BOOKMARK [3][-]{section*.28}{\376\377\0002\000.\0002\000.\0002\000\040\000F\000u\000n\000c\000t\000i\000o\000n\000a\000l\000\040\000R\000e\000q\000u\000i\000r\000e\000m\000e\000n\000t\000s}{section*.26}% 24
\BOOKMARK [3][-]{section*.29}{\376\377\0002\000.\0002\000.\0003\000\040\000N\000o\000n\000-\000F\000u\000n\000c\000t\000i\000o\000n\000a\000l\000\040\000R\000e\000q\000u\000i\000r\000e\000m\000e\000n\000t\000s}{section*.26}% 25
\BOOKMARK [2][-]{section*.30}{\376\377\0002\000.\0003\000\040\000V\000a\000l\000i\000d\000a\000t\000i\000o\000n}{section*.24}% 26
\BOOKMARK [2][-]{section*.31}{\376\377\0002\000.\0004\000\040\000E\000x\000p\000e\000c\000t\000e\000d\000\040\000H\000u\000r\000d\000l\000e\000s}{section*.24}% 27
\BOOKMARK [2][-]{section*.33}{\376\377\0002\000.\0005\000\040\000S\000D\000L\000C\000\040\000M\000o\000d\000e\000l\000\040\000t\000o\000\040\000b\000e\000\040\000u\000s\000e\000d\000:\000\040\000A\000g\000i\000l\000e\000\040\000M\000o\000d\000e\000l}{section*.24}% 28
\BOOKMARK [3][-]{section*.34}{\376\377\0002\000.\0005\000.\0001\000\040\000J\000u\000s\000t\000i\000f\000i\000c\000a\000t\000i\000o\000n\000\040\000f\000o\000r\000\040\000A\000d\000o\000p\000t\000i\000n\000g\000\040\000t\000h\000e\000\040\000A\000g\000i\000l\000e\000\040\000M\000o\000d\000e\000l}{section*.33}% 29
\BOOKMARK [3][-]{section*.35}{\376\377\0002\000.\0005\000.\0002\000\040\000S\000p\000r\000i\000n\000t\000-\000w\000i\000s\000e\000\040\000D\000e\000v\000e\000l\000o\000p\000m\000e\000n\000t\000\040\000O\000v\000e\000r\000v\000i\000e\000w}{section*.33}% 30
\BOOKMARK [1][-]{section*.36}{\376\377\0003\000.\000\040\000S\000y\000s\000t\000e\000m\000\040\000D\000e\000s\000i\000g\000n}{}% 31
\BOOKMARK [2][-]{section*.37}{\376\377\0003\000.\0001\000\040\000D\000e\000s\000i\000g\000n\000\040\000A\000p\000p\000r\000o\000a\000c\000h}{section*.36}% 32
\BOOKMARK [2][-]{section*.38}{\376\377\0003\000.\0002\000\040\000S\000y\000s\000t\000e\000m\000\040\000A\000r\000c\000h\000i\000t\000e\000c\000t\000u\000r\000e}{section*.36}% 33
\BOOKMARK [2][-]{section*.39}{\376\377\0003\000.\0003\000\040\000D\000e\000t\000a\000i\000l\000\040\000D\000e\000s\000i\000g\000n}{section*.36}% 34
\BOOKMARK [2][-]{section*.40}{\376\377\0003\000.\0004\000\040\000U\000s\000e\000r\000\040\000I\000n\000t\000e\000r\000f\000a\000c\000e\000\040\000D\000e\000s\000i\000g\000n}{section*.36}% 35
\BOOKMARK [2][-]{section*.41}{\376\377\0003\000.\0005\000\040\000D\000a\000t\000a\000b\000a\000s\000e\000\040\000D\000e\000s\000i\000g\000n}{section*.36}% 36
\BOOKMARK [3][-]{section*.42}{\376\377\0003\000.\0005\000.\0001\000\040\000F\000i\000r\000e\000s\000t\000o\000r\000e\000\040\000C\000o\000l\000l\000e\000c\000t\000i\000o\000n\000\040\000S\000t\000r\000u\000c\000t\000u\000r\000e}{section*.41}% 37
\BOOKMARK [3][-]{section*.43}{\376\377\0003\000.\0005\000.\0002\000\040\000D\000a\000t\000a\000\040\000R\000e\000l\000a\000t\000i\000o\000n\000s\000h\000i\000p\000s}{section*.41}% 38
\BOOKMARK [3][-]{section*.44}{\376\377\0003\000.\0005\000.\0003\000\040\000E\000R\000\040\000D\000i\000a\000g\000r\000a\000m}{section*.41}% 39
\BOOKMARK [3][-]{section*.46}{\376\377\0003\000.\0005\000.\0004\000\040\000D\000a\000t\000a\000b\000a\000s\000e\000\040\000S\000e\000c\000u\000r\000i\000t\000y\000\040\000a\000n\000d\000\040\000A\000c\000c\000e\000s\000s\000\040\000C\000o\000n\000t\000r\000o\000l}{section*.41}% 40
\BOOKMARK [2][-]{section*.47}{\376\377\0003\000.\0006\000\040\000M\000e\000t\000h\000o\000d\000o\000l\000o\000g\000y}{section*.36}% 41
\BOOKMARK [1][-]{section*.48}{\376\377\0004\000.\000\040\000I\000m\000p\000l\000e\000m\000e\000n\000t\000a\000t\000i\000o\000n\000,\000\040\000T\000e\000s\000t\000i\000n\000g\000,\000\040\000a\000n\000d\000\040\000M\000a\000i\000n\000t\000e\000n\000a\000n\000c\000e}{}% 42
\BOOKMARK [2][-]{section*.49}{\376\377\0004\000.\0001\000\040\000T\000o\000o\000l\000s\000\040\000\046\000\040\000T\000e\000c\000h\000n\000o\000l\000o\000g\000i\000e\000s\000\040\000U\000s\000e\000d}{section*.48}% 43
\BOOKMARK [2][-]{section*.50}{\376\377\0004\000.\0002\000\040\000C\000o\000d\000i\000n\000g\000\040\000S\000t\000a\000n\000d\000a\000r\000d\000s}{section*.48}% 44
\BOOKMARK [2][-]{section*.51}{\376\377\0004\000.\0003\000\040\000P\000r\000o\000j\000e\000c\000t\000\040\000S\000c\000h\000e\000d\000u\000l\000i\000n\000g}{section*.48}% 45
\BOOKMARK [3][-]{section*.52}{\376\377\0004\000.\0003\000.\0001\000\040\000P\000r\000o\000j\000e\000c\000t\000\040\000D\000u\000r\000a\000t\000i\000o\000n}{section*.51}% 46
\BOOKMARK [3][-]{section*.53}{\376\377\0004\000.\0003\000.\0002\000\040\000T\000e\000a\000m\000\040\000R\000e\000s\000p\000o\000n\000s\000i\000b\000i\000l\000i\000t\000i\000e\000s}{section*.51}% 47
\BOOKMARK [3][-]{section*.54}{\376\377\0004\000.\0003\000.\0003\000\040\000D\000e\000t\000a\000i\000l\000e\000d\000\040\000D\000e\000v\000e\000l\000o\000p\000m\000e\000n\000t\000\040\000P\000h\000a\000s\000e\000s}{section*.51}% 48
\BOOKMARK [2][-]{section*.55}{\376\377\0004\000.\0004\000\040\000T\000e\000s\000t\000i\000n\000g\000\040\000T\000e\000c\000h\000n\000i\000q\000u\000e\000s}{section*.48}% 49
\BOOKMARK [3][-]{section*.56}{\376\377\0004\000.\0004\000.\0001\000\040\000T\000e\000s\000t\000i\000n\000g\000\040\000S\000t\000r\000a\000t\000e\000g\000y}{section*.55}% 50
\BOOKMARK [3][-]{section*.57}{\376\377\0004\000.\0004\000.\0002\000\040\000T\000e\000s\000t\000i\000n\000g\000\040\000T\000o\000o\000l\000s\000\040\000U\000s\000e\000d}{section*.55}% 51
\BOOKMARK [3][-]{section*.58}{\376\377\0004\000.\0004\000.\0003\000\040\000E\000r\000r\000o\000r\000\040\000a\000n\000d\000\040\000E\000d\000g\000e\000\040\000C\000a\000s\000e\000\040\000T\000e\000s\000t\000i\000n\000g}{section*.55}% 52
\BOOKMARK [2][-]{section*.59}{\376\377\0004\000.\0005\000\040\000T\000e\000s\000t\000\040\000C\000a\000s\000e\000s\000\040\000u\000s\000e\000d\000\040\000i\000n\000\040\000t\000h\000e\000\040\000P\000r\000o\000j\000e\000c\000t}{section*.48}% 53
\BOOKMARK [1][-]{section*.60}{\376\377\0005\000.\000\040\000C\000o\000n\000t\000r\000i\000b\000u\000t\000i\000o\000n\000\040\000t\000o\000\040\000S\000u\000s\000t\000a\000i\000n\000a\000b\000l\000e\000\040\000D\000e\000v\000e\000l\000o\000p\000m\000e\000n\000t\000\040\000G\000o\000a\000l\000s}{}% 54
\BOOKMARK [1][-]{section*.61}{\376\377\0006\000.\000\040\000R\000e\000s\000u\000l\000t\000s\000\040\000\046\000\040\000D\000i\000s\000c\000u\000s\000s\000i\000o\000n\000s}{}% 55
\BOOKMARK [2][-]{section*.62}{\376\377\0006\000.\0001\000\040\000R\000e\000s\000u\000l\000t\000s\000\040\000O\000v\000e\000r\000v\000i\000e\000w}{section*.61}% 56
\BOOKMARK [2][-]{section*.63}{\376\377\0006\000.\0002\000\040\000U\000s\000e\000r\000\040\000I\000n\000t\000e\000r\000f\000a\000c\000e\000\040\000R\000e\000p\000r\000e\000s\000e\000n\000t\000a\000t\000i\000o\000n}{section*.61}% 57
\BOOKMARK [2][-]{section*.64}{\376\377\0006\000.\0003\000\040\000S\000n\000a\000p\000s\000h\000o\000t\000s}{section*.61}% 58
\BOOKMARK [2][-]{section*.69}{\376\377\0006\000.\0004\000\040\000B\000a\000c\000k\000e\000n\000d\000\040\000R\000e\000p\000r\000e\000s\000e\000n\000t\000a\000t\000i\000o\000n}{section*.61}% 59
\BOOKMARK [1][-]{section*.70}{\376\377\0007\000.\000\040\000C\000o\000n\000c\000l\000u\000s\000i\000o\000n\000\040\000a\000n\000d\000\040\000F\000u\000t\000u\000r\000e\000\040\000S\000c\000o\000p\000e}{}% 60
\BOOKMARK [2][-]{section*.71}{\376\377\0007\000.\0001\000\040\000C\000o\000n\000c\000l\000u\000s\000i\000o\000n}{section*.70}% 61
\BOOKMARK [2][-]{section*.72}{\376\377\0007\000.\0002\000\040\000F\000u\000t\000u\000r\000e\000\040\000S\000c\000o\000p\000e}{section*.70}% 62
\BOOKMARK [1][-]{Item.13}{\376\377\0008\000.\000\040\000R\000e\000f\000e\000r\000e\000n\000c\000e\000s}{}% 63
